<?xml version="1.0" encoding="UTF-8"?>
<!-- Generated by org.testng.reporters.JUnitReportReporter -->
<testsuite skipped="0" hostname="WIN-O3O10AT8R71" name="SDET_Uma.RestAssured_Project.day1" tests="2" failures="0" timestamp="15 Mar 2022 05:16:27 GMT" time="5.305" errors="0">
  <testcase name="testcase" time="3.408" classname="SDET_Uma.RestAssured_Project.day1"/>
  <testcase name="testcase2" time="1.897" classname="SDET_Uma.RestAssured_Project.day1"/>
</testsuite> <!-- SDET_Uma.RestAssured_Project.day1 -->
