<?xml version="1.0" encoding="UTF-8"?>
<!-- Generated by org.testng.reporters.JUnitReportReporter -->
<testsuite skipped="0" hostname="WIN-O3O10AT8R71" name="SDET_Uma.RestAssured_Project.projectwork" tests="5" failures="0" timestamp="16 Mar 2022 04:11:11 GMT" time="10.829" errors="0">
  <testcase name="logout" time="1.517" classname="SDET_Uma.RestAssured_Project.projectwork"/>
  <testcase name="login" time="1.605" classname="SDET_Uma.RestAssured_Project.projectwork"/>
  <testcase name="deleteuser" time="1.539" classname="SDET_Uma.RestAssured_Project.projectwork"/>
  <testcase name="createuser" time="4.700" classname="SDET_Uma.RestAssured_Project.projectwork"/>
  <testcase name="modifyuser" time="1.468" classname="SDET_Uma.RestAssured_Project.projectwork"/>
</testsuite> <!-- SDET_Uma.RestAssured_Project.projectwork -->
