<?xml version="1.0" encoding="UTF-8"?>
<!-- Generated by org.testng.reporters.JUnitReportReporter -->
<testsuite skipped="0" hostname="WIN-O3O10AT8R71" name="SDET_Uma.RestAssured_Project.day2" tests="1" failures="0" timestamp="15 Mar 2022 05:10:41 GMT" time="0.300" errors="0">
  <testcase name="pojosample" time="0.300" classname="SDET_Uma.RestAssured_Project.day2"/>
</testsuite> <!-- SDET_Uma.RestAssured_Project.day2 -->
